<?xml version="1.0" encoding="UTF-8"?>
<testsuite name="model.SoftwareTest" tests="31" skipped="0" failures="0" errors="0" timestamp="2014-12-21T18:48:38" hostname="MacBook-Pro-de-Theo-2.local" time="119.598">
  <properties/>
  <testcase name="testR31_stimulateRetracting_gearsDeployed" classname="model.SoftwareTest" time="8.407"/>
  <testcase name="testCloseDoorsMethod_withAllDoorsOpen_expectAllClosed" classname="model.SoftwareTest" time="2.302"/>
  <testcase name="testR31_stimulateDeployment_gearsDeployed" classname="model.SoftwareTest" time="8.405"/>
  <testcase name="testCloseDoorsMethod_withAllGearsRetracted_expectAllRetractedImmediately" classname="model.SoftwareTest" time="2.604"/>
  <testcase name="testR11" classname="model.SoftwareTest" time="15.106"/>
  <testcase name="testR12" classname="model.SoftwareTest" time="30.209"/>
  <testcase name="testR21" classname="model.SoftwareTest" time="15.105"/>
  <testcase name="testR41" classname="model.SoftwareTest" time="0.0"/>
  <testcase name="testR42" classname="model.SoftwareTest" time="0.0"/>
  <testcase name="testR61" classname="model.SoftwareTest" time="0.0"/>
  <testcase name="testR62" classname="model.SoftwareTest" time="0.0"/>
  <testcase name="testR64" classname="model.SoftwareTest" time="0.0"/>
  <testcase name="testR71" classname="model.SoftwareTest" time="0.0"/>
  <testcase name="testR72" classname="model.SoftwareTest" time="0.0"/>
  <testcase name="testR73" classname="model.SoftwareTest" time="0.0"/>
  <testcase name="testR74" classname="model.SoftwareTest" time="0.0"/>
  <testcase name="testR81" classname="model.SoftwareTest" time="0.001"/>
  <testcase name="testR82" classname="model.SoftwareTest" time="0.0"/>
  <testcase name="testR31_stimulateDeployment_gearsRetracted" classname="model.SoftwareTest" time="6.111"/>
  <testcase name="testOpenDoorsMethod_withAllDoorsClosed_expectAllOpen" classname="model.SoftwareTest" time="2.303"/>
  <testcase name="testR31_stimulateDeployment_gearsDeploying" classname="model.SoftwareTest" time="4.905"/>
  <testcase name="testCloseDoorsMethod_withAllDoorsClosed_expectAllClosedImmediately" classname="model.SoftwareTest" time="0.302"/>
  <testcase name="test63" classname="model.SoftwareTest" time="0.0"/>
  <testcase name="testR31_stimulateRetracting_gearsRetracted" classname="model.SoftwareTest" time="6.105"/>
  <testcase name="testR31_stimulateRetracting_gearsDeploying" classname="model.SoftwareTest" time="2.602"/>
  <testcase name="testR32_stimulateClosing" classname="model.SoftwareTest" time="0.001"/>
  <testcase name="testDeployGearsMethod_withAllGearsDeployed_expectAllDeployedImmediately" classname="model.SoftwareTest" time="2.604"/>
  <testcase name="testDeployGearsMethod_withAllGearsRetracted_expectAllDeployed" classname="model.SoftwareTest" time="6.104"/>
  <testcase name="testRetractGearsMethod_withAllGearsDeployed_expectAllRetracted" classname="model.SoftwareTest" time="6.104"/>
  <testcase name="testOpenDoorsMethod_withAllDoorsOpen_expectAllOpenImmediately" classname="model.SoftwareTest" time="0.302"/>
  <testcase name="testR32_stimulateOpening" classname="model.SoftwareTest" time="0.001"/>
  <system-out><![CDATA[]]></system-out>
  <system-err><![CDATA[]]></system-err>
</testsuite>
