<?xml version="1.0" encoding="UTF-8"?>
<testsuite name="model.HandleTest" tests="3" skipped="0" failures="0" errors="0" timestamp="2014-12-21T18:48:22" hostname="MacBook-Pro-de-Theo-2.local" time="0.003">
  <properties/>
  <testcase name="testPushDown" classname="model.HandleTest" time="0.002"/>
  <testcase name="testDefaultPosition" classname="model.HandleTest" time="0.0"/>
  <testcase name="testPushUp" classname="model.HandleTest" time="0.001"/>
  <system-out><![CDATA[]]></system-out>
  <system-err><![CDATA[]]></system-err>
</testsuite>
