<?xml version="1.0" encoding="UTF-8"?>
<testsuite name="model.LandingGearTest" tests="10" skipped="0" failures="0" errors="0" timestamp="2014-12-21T18:48:22" hostname="MacBook-Pro-de-Theo-2.local" time="16.219">
  <properties/>
  <testcase name="testCloseMethod_whenClosing_expectDoorOpenAfterMovingTime" classname="model.LandingGearTest" time="4.003"/>
  <testcase name="testStateCheckers_testIsClosedMethod" classname="model.LandingGearTest" time="0.0"/>
  <testcase name="testOpenMethod_normalBehavior_expectDoorOpenAfterMovingTime" classname="model.LandingGearTest" time="3.803"/>
  <testcase name="testStateCheckers_testIsMovingMethod" classname="model.LandingGearTest" time="0.0"/>
  <testcase name="testCloseMethod_normalBehavior_expectDoorOpenAfterMovingTime" classname="model.LandingGearTest" time="3.801"/>
  <testcase name="testCloseMethod_whenAlreadyOpened_expectDoorClosedImmediately" classname="model.LandingGearTest" time="0.301"/>
  <testcase name="testIfDefaultDoorStateIsSetProperly_expectIsClosed" classname="model.LandingGearTest" time="0.0"/>
  <testcase name="testOpenMethod_whenClosing_expectDoorOpenAfterMovingTime" classname="model.LandingGearTest" time="4.003"/>
  <testcase name="testOpenMethod_whenAlreadyOpened_expectDoorOpenImmedialty" classname="model.LandingGearTest" time="0.301"/>
  <testcase name="testStateCheckers_testIsOpenMethod" classname="model.LandingGearTest" time="0.0"/>
  <system-out><![CDATA[]]></system-out>
  <system-err><![CDATA[]]></system-err>
</testsuite>
